<?xml version="1.0" encoding="UTF-8"?>
<!-- Generated by org.testng.reporters.JUnitReportReporter -->
<testsuite hostname="DESKTOP-867FHON" failures="0" tests="4" name="api.test.UserTest" time="8.157" errors="0" timestamp="2025-08-10T21:17:58 IST" skipped="0">
  <testcase classname="api.test.UserTest" name="testPostUser" time="3.490"/>
  <testcase classname="api.test.UserTest" name="testUpdateUserByName" time="2.318"/>
  <testcase classname="api.test.UserTest" name="FetchUser" time="1.231"/>
  <testcase classname="api.test.UserTest" name="testDelUserByName" time="1.118"/>
</testsuite> <!-- api.test.UserTest -->
